<?xml version="1.0" encoding="UTF-8" ?>
<testsuite errors="0" failures="0" hostname="ariel-mbpro.local" name="project.euler.Problem_02Test" tests="2" time="0.027" timestamp="2013-11-08T19:11:06">
  <properties>
[...]
</properties>
  <testcase classname="project.euler.Problem_02Test" name="should_generate_fibonacci_sequence" time="0.016" />
  <testcase classname="project.euler.Problem_02Test" name="should_only_add_even_valued_terms" time="0.004" />
  <system-out><![CDATA[]]></system-out>
  <system-err><![CDATA[]]></system-err>
</testsuite>
